2019-11-21 00:02:20,938 INFO PERFORMANCE:|9|6|-1|-1

2019-11-21 00:07:20,941 INFO PERFORMANCE:|9|6|-1|-1

2019-11-21 00:12:20,942 INFO PERFORMANCE:|9|6|-1|-1

2019-11-21 00:17:20,943 INFO PERFORMANCE:|9|6|-1|-1

2019-11-21 00:22:20,944 INFO PERFORMANCE:|9|6|-1|-1

2019-11-21 00:27:20,946 INFO PERFORMANCE:|9|6|-1|-1

2019-11-21 00:32:20,947 INFO PERFORMANCE:|9|6|-1|-1

2019-11-21 00:37:20,948 INFO PERFORMANCE:|9|6|-1|-1

2019-11-21 00:42:20,950 INFO PERFORMANCE:|9|6|-1|-1

2019-11-21 00:47:20,951 INFO PERFORMANCE:|9|6|-1|-1

2019-11-21 00:52:20,952 INFO PERFORMANCE:|9|6|-1|-1

2019-11-21 00:57:20,954 INFO PERFORMANCE:|9|6|-1|-1

2019-11-21 01:02:20,956 INFO PERFORMANCE:|9|6|-1|-1

2019-11-21 01:07:20,957 INFO PERFORMANCE:|9|6|-1|-1

2019-11-21 01:12:20,958 INFO PERFORMANCE:|9|6|-1|-1

2019-11-21 01:17:20,959 INFO PERFORMANCE:|9|6|-1|-1

2019-11-21 01:22:20,962 INFO PERFORMANCE:|9|6|-1|-1

2019-11-21 01:27:20,963 INFO PERFORMANCE:|9|6|-1|-1

2019-11-21 01:32:20,964 INFO PERFORMANCE:|9|6|-1|-1

2019-11-21 01:37:20,966 INFO PERFORMANCE:|9|6|-1|-1

2019-11-21 01:42:20,967 INFO PERFORMANCE:|9|6|-1|-1

2019-11-21 01:47:20,968 INFO PERFORMANCE:|9|6|-1|-1

2019-11-21 01:52:20,970 INFO PERFORMANCE:|9|6|-1|-1

2019-11-21 01:57:20,972 INFO PERFORMANCE:|9|6|-1|-1

2019-11-21 02:02:20,973 INFO PERFORMANCE:|9|6|-1|-1

2019-11-21 02:07:20,974 INFO PERFORMANCE:|9|6|-1|-1

2019-11-21 02:12:20,975 INFO PERFORMANCE:|9|6|-1|-1

2019-11-21 02:17:20,976 INFO PERFORMANCE:|9|6|-1|-1

2019-11-21 02:22:20,978 INFO PERFORMANCE:|9|6|-1|-1

2019-11-21 02:27:20,980 INFO PERFORMANCE:|9|6|-1|-1

2019-11-21 02:32:20,981 INFO PERFORMANCE:|9|6|-1|-1

2019-11-21 02:37:20,983 INFO PERFORMANCE:|9|6|-1|-1

2019-11-21 02:42:20,985 INFO PERFORMANCE:|9|6|-1|-1

2019-11-21 02:47:20,986 INFO PERFORMANCE:|9|6|-1|-1

2019-11-21 02:52:20,987 INFO PERFORMANCE:|9|6|-1|-1

2019-11-21 02:57:20,989 INFO PERFORMANCE:|9|6|-1|-1

2019-11-21 03:02:20,990 INFO PERFORMANCE:|9|6|-1|-1

2019-11-21 03:07:20,991 INFO PERFORMANCE:|9|6|-1|-1

2019-11-21 03:12:20,992 INFO PERFORMANCE:|9|6|-1|-1

2019-11-21 03:17:20,994 INFO PERFORMANCE:|9|6|-1|-1

2019-11-21 03:22:20,995 INFO PERFORMANCE:|9|6|-1|-1

2019-11-21 03:27:20,996 INFO PERFORMANCE:|9|6|-1|-1

2019-11-21 03:32:20,997 INFO PERFORMANCE:|9|6|-1|-1

2019-11-21 03:37:20,998 INFO PERFORMANCE:|9|6|-1|-1

2019-11-21 03:42:21,000 INFO PERFORMANCE:|9|6|-1|-1

2019-11-21 03:47:21,001 INFO PERFORMANCE:|9|6|-1|-1

2019-11-21 03:52:21,003 INFO PERFORMANCE:|9|6|-1|-1

2019-11-21 03:57:21,005 INFO PERFORMANCE:|9|6|-1|-1

2019-11-21 04:02:21,007 INFO PERFORMANCE:|9|6|-1|-1

2019-11-21 04:07:21,009 INFO PERFORMANCE:|9|6|-1|-1

2019-11-21 04:12:21,011 INFO PERFORMANCE:|9|6|-1|-1

2019-11-21 04:17:21,013 INFO PERFORMANCE:|9|6|-1|-1

2019-11-21 04:22:21,014 INFO PERFORMANCE:|9|6|-1|-1

2019-11-21 04:27:21,016 INFO PERFORMANCE:|9|6|-1|-1

2019-11-21 04:32:21,017 INFO PERFORMANCE:|9|6|-1|-1

2019-11-21 04:37:21,018 INFO PERFORMANCE:|9|6|-1|-1

2019-11-21 04:42:21,018 INFO PERFORMANCE:|9|6|-1|-1

2019-11-21 04:47:21,020 INFO PERFORMANCE:|9|6|-1|-1

2019-11-21 04:52:21,021 INFO PERFORMANCE:|9|6|-1|-1

2019-11-21 04:57:21,022 INFO PERFORMANCE:|9|6|-1|-1

2019-11-21 05:02:21,023 INFO PERFORMANCE:|9|6|-1|-1

2019-11-21 05:07:21,024 INFO PERFORMANCE:|9|6|-1|-1

2019-11-21 05:12:21,025 INFO PERFORMANCE:|9|6|-1|-1

2019-11-21 05:17:21,027 INFO PERFORMANCE:|9|6|-1|-1

2019-11-21 05:22:21,028 INFO PERFORMANCE:|9|6|-1|-1

2019-11-21 05:27:21,030 INFO PERFORMANCE:|9|6|-1|-1

2019-11-21 05:32:21,031 INFO PERFORMANCE:|9|6|-1|-1

2019-11-21 05:37:21,033 INFO PERFORMANCE:|9|6|-1|-1

2019-11-21 05:42:21,035 INFO PERFORMANCE:|9|6|-1|-1

2019-11-21 05:47:21,037 INFO PERFORMANCE:|9|6|-1|-1

2019-11-21 05:52:21,037 INFO PERFORMANCE:|9|6|-1|-1

2019-11-21 05:57:21,038 INFO PERFORMANCE:|9|6|-1|-1

2019-11-21 06:02:21,040 INFO PERFORMANCE:|9|6|-1|-1

2019-11-21 06:07:21,041 INFO PERFORMANCE:|9|6|-1|-1

2019-11-21 06:12:21,043 INFO PERFORMANCE:|9|6|-1|-1

2019-11-21 06:17:21,045 INFO PERFORMANCE:|9|6|-1|-1

2019-11-21 06:22:21,046 INFO PERFORMANCE:|9|6|-1|-1

2019-11-21 06:27:21,047 INFO PERFORMANCE:|9|6|-1|-1

2019-11-21 06:32:21,048 INFO PERFORMANCE:|9|6|-1|-1

2019-11-21 06:37:21,050 INFO PERFORMANCE:|9|6|-1|-1

2019-11-21 06:42:21,052 INFO PERFORMANCE:|9|6|-1|-1

2019-11-21 06:47:21,053 INFO PERFORMANCE:|9|6|-1|-1

2019-11-21 06:52:21,054 INFO PERFORMANCE:|9|6|-1|-1

2019-11-21 06:57:21,055 INFO PERFORMANCE:|9|6|-1|-1

2019-11-21 07:02:21,056 INFO PERFORMANCE:|9|6|-1|-1

2019-11-21 07:07:21,057 INFO PERFORMANCE:|9|6|-1|-1

2019-11-21 07:12:21,058 INFO PERFORMANCE:|9|6|-1|-1

2019-11-21 07:17:21,060 INFO PERFORMANCE:|9|6|-1|-1

2019-11-21 07:22:21,061 INFO PERFORMANCE:|9|6|-1|-1

2019-11-21 07:27:21,062 INFO PERFORMANCE:|9|6|-1|-1

2019-11-21 07:32:21,063 INFO PERFORMANCE:|9|6|-1|-1

2019-11-21 07:37:21,065 INFO PERFORMANCE:|9|6|-1|-1

2019-11-21 07:42:21,066 INFO PERFORMANCE:|9|6|-1|-1

2019-11-21 07:47:21,067 INFO PERFORMANCE:|9|6|-1|-1

2019-11-21 07:52:21,068 INFO PERFORMANCE:|9|6|-1|-1

2019-11-21 07:57:21,069 INFO PERFORMANCE:|9|6|-1|-1

2019-11-21 08:02:21,071 INFO PERFORMANCE:|9|6|-1|-1

2019-11-21 08:07:21,072 INFO PERFORMANCE:|9|6|-1|-1

2019-11-21 08:12:21,074 INFO PERFORMANCE:|9|6|-1|-1

2019-11-21 08:17:21,074 INFO PERFORMANCE:|9|6|-1|-1

2019-11-21 08:22:21,075 INFO PERFORMANCE:|9|0|-1|-1

2019-11-21 08:27:21,081 INFO PERFORMANCE:|9|0|-1|-1

2019-11-21 08:32:21,082 INFO PERFORMANCE:|9|0|-1|-1

2019-11-21 08:37:21,082 INFO PERFORMANCE:|9|0|-1|-1

2019-11-21 08:42:21,084 INFO PERFORMANCE:|9|0|-1|-1

2019-11-21 08:47:21,084 INFO PERFORMANCE:|9|0|-1|-1

2019-11-21 08:52:21,086 INFO PERFORMANCE:|9|0|-1|-1

2019-11-21 08:57:21,087 INFO PERFORMANCE:|9|0|-1|-1

2019-11-21 09:02:21,087 INFO PERFORMANCE:|9|0|-1|-1

2019-11-21 09:07:21,088 INFO PERFORMANCE:|9|0|-1|-1

2019-11-21 09:12:21,090 INFO PERFORMANCE:|9|0|-1|-1

